<?xml version="1.0" encoding="UTF-8"?>
<!-- Generated by org.testng.reporters.JUnitReportReporter -->
<testsuite skipped="0" hostname="ivanar" name="tests.BuyDressPageTests" tests="1" failures="0" timestamp="2020-04-03T20:46:49 CEST" time="2.642" errors="0">
  <testcase name="buyDressOne" time="2.642" classname="tests.BuyDressPageTests"/>
</testsuite> <!-- tests.BuyDressPageTests -->
