<?xml version="1.0" encoding="UTF-8"?>
<!-- Generated by org.testng.reporters.JUnitReportReporter -->
<testsuite skipped="0" hostname="ivanar" name="tests.SummerDressesPageTests" tests="1" failures="0" timestamp="2020-04-03T20:46:49 CEST" time="2.543" errors="0">
  <testcase name="selectDressOne" time="2.543" classname="tests.SummerDressesPageTests"/>
</testsuite> <!-- tests.SummerDressesPageTests -->
